Arguments: 
  D:\Program Files\nodejs\node.exe C:\Users\Administrator.AYE81W8I3PT6U9L\AppData\Roaming\npm\node_modules\yarn\bin\yarn.js add async --save

PATH: 
  C:\Windows\system32;C:\Windows;C:\Windows\System32\Wbem;C:\Windows\System32\WindowsPowerShell\v1.0\;C:\Program Files\Java\jdk1.7.0_80\bin;C:\Program Files\Java\jdk1.7.0_80\jre\bin;D:\Program Files\nodejs\;C:\Program Files\Java\jdk1.7.0_80\bin;C:\Program Files\Java\jdk1.7.0_80\jre\bin;D:\java\apache-maven-3.3.9\bin;D:\py;D:\Program Files (x86)\Git\bin;C:\Users\Administrator.AYE81W8I3PT6U9L\AppData\Roaming\npm;C:\Program Files (x86)\Microsoft VS Code\bin

Yarn version: 
  0.21.3

Node version: 
  7.3.0

Platform: 
  win32 x64

npm manifest: 
  {
    "name": "harry-blog",
    "version": "1.0.0",
    "description": "",
    "main": "webpack.config.js",
    "scripts": {
      "test": "echo \"Error: no test specified\" && exit 1"
    },
    "author": "",
    "license": "ISC",
    "devDependencies": {
      "babel-core": "^6.10.4",
      "babel-loader": "^6.2.4",
      "babel-preset-es2015": "^6.9.0",
      "babel-preset-react": "^6.11.1",
      "babel-preset-react-hmre": "^1.1.1",
      "body-parser": "^1.15.2",
      "file-loader": "^0.9.0",
      "jwt-decode": "^2.0.1",
      "jwt-simple": "^0.5.0",
      "react-router-redux": "^4.0.5",
      "redux-router": "^2.0.0",
      "redux-thunk": "^2.1.0",
      "url-loader": "^0.5.7",
      "webpack": "^1.13.1",
      "webpack-dev-server": "^1.14.1",
      "webpack-hot-middleware": "^2.12.1"
    },
    "dependencies": {
      "body-parser": "^1.15.2",
      "codemirror": "^5.16.0",
      "css-loader": "^0.23.1",
      "draft-js": "^0.7.0",
      "ejs": "^2.4.2",
      "express": "^4.14.0",
      "express-jwt": "^3.4.0",
      "isomorphic-fetch": "^2.2.1",
      "json-loader": "^0.5.4",
      "marked": "^0.3.5",
      "mongodb": "^2.2.2",
      "mongoose": "^4.5.3",
      "mongoose-timestamp": "^0.6.0",
      "react": "^15.2.1",
      "react-dom": "^15.2.1",
      "react-markdown": "^2.4.2",
      "react-redux": "^4.4.5",
      "react-router": "^2.5.2",
      "redux": "^3.5.2",
      "redux-logger": "^2.6.1",
      "redux-promise": "^0.5.3",
      "style-loader": "^0.13.1"
    }
  }

yarn manifest: 
  No manifest

Lockfile: 
  No lockfile

Trace: 
  Error: connect ETIMEDOUT 104.16.63.173:443
      at Object.exports._errnoException (util.js:1022:11)
      at exports._exceptionWithHostPort (util.js:1045:20)
      at TCPConnectWrap.afterConnect [as oncomplete] (net.js:1090:14)
