2019-12-03 16:28:40,605 INFO 17280 [egg:logger] init all loggers with options: {"dir":"D:\\code\\egg-example\\logs\\egg-example","encoding":"utf8","env":"local","level":"INFO","consoleLevel":"INFO","disableConsoleAfterReady":false,"outputJSON":false,"buffer":true,"appLogName":"egg-example-web.log","coreLogName":"egg-web.log","agentLogName":"egg-agent.log","errorLogName":"common-error.log","coreLogger":{"consoleLevel":"WARN"},"allowDebugAtProd":false,"type":"application"}
2019-12-03 16:28:40,628 INFO 17280 [egg-multipart] stream mode enable
2019-12-03 16:28:40,681 INFO 17280 [egg-static] starting static serve /public/ -> D:\code\egg-example\app\public
2019-12-03 16:28:40,683 INFO 17280 [egg-security] use csrf middleware
2019-12-03 16:28:40,684 INFO 17280 [egg-security] use methodnoallow middleware
2019-12-03 16:28:40,684 INFO 17280 [egg-security] use noopen middleware
2019-12-03 16:28:40,685 INFO 17280 [egg-security] use nosniff middleware
2019-12-03 16:28:40,685 INFO 17280 [egg-security] use xssProtection middleware
2019-12-03 16:28:40,686 INFO 17280 [egg-security] use xframe middleware
2019-12-03 16:28:40,686 INFO 17280 [egg-security] use dta middleware
2019-12-03 16:28:40,686 INFO 17280 [egg-security] compose 7 middlewares into one security middleware
2019-12-03 16:28:40,691 INFO 17280 [egg:core] dump config after load, 4ms
2019-12-03 16:28:40,702 INFO 17280 [egg-watcher:application] watcher start success
2019-12-03 16:28:40,706 INFO 17280 [egg:core] dump config after ready, 3ms
2019-12-03 16:31:26,552 INFO 15476 [egg:logger] init all loggers with options: {"dir":"D:\\code\\egg-example\\logs\\egg-example","encoding":"utf8","env":"local","level":"INFO","consoleLevel":"INFO","disableConsoleAfterReady":false,"outputJSON":false,"buffer":true,"appLogName":"egg-example-web.log","coreLogName":"egg-web.log","agentLogName":"egg-agent.log","errorLogName":"common-error.log","coreLogger":{"consoleLevel":"WARN"},"allowDebugAtProd":false,"type":"application"}
2019-12-03 16:31:26,584 INFO 15476 [egg-multipart] stream mode enable
2019-12-03 16:31:26,660 INFO 15476 [egg-static] starting static serve /public/ -> D:\code\egg-example\app\public
2019-12-03 16:31:26,662 INFO 15476 [egg-security] use csrf middleware
2019-12-03 16:31:26,663 INFO 15476 [egg-security] use methodnoallow middleware
2019-12-03 16:31:26,663 INFO 15476 [egg-security] use noopen middleware
2019-12-03 16:31:26,664 INFO 15476 [egg-security] use nosniff middleware
2019-12-03 16:31:26,664 INFO 15476 [egg-security] use xssProtection middleware
2019-12-03 16:31:26,664 INFO 15476 [egg-security] use xframe middleware
2019-12-03 16:31:26,665 INFO 15476 [egg-security] use dta middleware
2019-12-03 16:31:26,665 INFO 15476 [egg-security] compose 7 middlewares into one security middleware
2019-12-03 16:31:26,675 INFO 15476 [egg:core] dump config after load, 5ms
2019-12-03 16:31:26,686 INFO 15476 [egg-watcher:application] watcher start success
2019-12-03 16:31:26,691 INFO 15476 [egg:core] dump config after ready, 3ms
2019-12-03 16:35:42,035 INFO 7376 [egg:logger] init all loggers with options: {"dir":"D:\\code\\egg-example\\logs\\egg-example","encoding":"utf8","env":"local","level":"INFO","consoleLevel":"INFO","disableConsoleAfterReady":false,"outputJSON":false,"buffer":true,"appLogName":"egg-example-web.log","coreLogName":"egg-web.log","agentLogName":"egg-agent.log","errorLogName":"common-error.log","coreLogger":{"consoleLevel":"WARN"},"allowDebugAtProd":false,"type":"application"}
2019-12-03 16:35:42,058 INFO 7376 [egg-multipart] stream mode enable
2019-12-03 16:35:42,106 INFO 7376 [egg-static] starting static serve /public/ -> D:\code\egg-example\app\public
2019-12-03 16:35:42,108 INFO 7376 [egg-security] use csrf middleware
2019-12-03 16:35:42,109 INFO 7376 [egg-security] use methodnoallow middleware
2019-12-03 16:35:42,111 INFO 7376 [egg-security] use noopen middleware
2019-12-03 16:35:42,112 INFO 7376 [egg-security] use nosniff middleware
2019-12-03 16:35:42,112 INFO 7376 [egg-security] use xssProtection middleware
2019-12-03 16:35:42,112 INFO 7376 [egg-security] use xframe middleware
2019-12-03 16:35:42,113 INFO 7376 [egg-security] use dta middleware
2019-12-03 16:35:42,113 INFO 7376 [egg-security] compose 7 middlewares into one security middleware
2019-12-03 16:35:42,119 INFO 7376 [egg:core] dump config after load, 3ms
2019-12-03 16:35:42,130 INFO 7376 [egg-watcher:application] watcher start success
2019-12-03 16:35:42,134 INFO 7376 [egg:core] dump config after ready, 3ms
2019-12-03 16:35:53,077 INFO 7376 [egg-view-nunjucks] loading templates from ["D:\\code\\egg-example\\app\\view"]
2019-12-03 16:36:54,776 INFO 17072 [egg:logger] init all loggers with options: {"dir":"D:\\code\\egg-example\\logs\\egg-example","encoding":"utf8","env":"local","level":"INFO","consoleLevel":"INFO","disableConsoleAfterReady":false,"outputJSON":false,"buffer":true,"appLogName":"egg-example-web.log","coreLogName":"egg-web.log","agentLogName":"egg-agent.log","errorLogName":"common-error.log","coreLogger":{"consoleLevel":"WARN"},"allowDebugAtProd":false,"type":"application"}
2019-12-03 16:36:54,798 INFO 17072 [egg-multipart] stream mode enable
2019-12-03 16:36:54,848 INFO 17072 [egg-static] starting static serve /public/ -> D:\code\egg-example\app\public
2019-12-03 16:36:54,850 INFO 17072 [egg-security] use csrf middleware
2019-12-03 16:36:54,852 INFO 17072 [egg-security] use methodnoallow middleware
2019-12-03 16:36:54,853 INFO 17072 [egg-security] use noopen middleware
2019-12-03 16:36:54,854 INFO 17072 [egg-security] use nosniff middleware
2019-12-03 16:36:54,854 INFO 17072 [egg-security] use xssProtection middleware
2019-12-03 16:36:54,854 INFO 17072 [egg-security] use xframe middleware
2019-12-03 16:36:54,855 INFO 17072 [egg-security] use dta middleware
2019-12-03 16:36:54,855 INFO 17072 [egg-security] compose 7 middlewares into one security middleware
2019-12-03 16:36:54,862 INFO 17072 [egg:core] dump config after load, 4ms
2019-12-03 16:36:54,870 INFO 17072 [egg-watcher:application] watcher start success
2019-12-03 16:36:54,875 INFO 17072 [egg:core] dump config after ready, 3ms
2019-12-03 16:37:01,399 INFO 9136 [egg:logger] init all loggers with options: {"dir":"D:\\code\\egg-example\\logs\\egg-example","encoding":"utf8","env":"local","level":"INFO","consoleLevel":"INFO","disableConsoleAfterReady":false,"outputJSON":false,"buffer":true,"appLogName":"egg-example-web.log","coreLogName":"egg-web.log","agentLogName":"egg-agent.log","errorLogName":"common-error.log","coreLogger":{"consoleLevel":"WARN"},"allowDebugAtProd":false,"type":"application"}
2019-12-03 16:37:01,423 INFO 9136 [egg-multipart] stream mode enable
2019-12-03 16:37:01,475 INFO 9136 [egg-static] starting static serve /public/ -> D:\code\egg-example\app\public
2019-12-03 16:37:01,478 INFO 9136 [egg-security] use csrf middleware
2019-12-03 16:37:01,480 INFO 9136 [egg-security] use methodnoallow middleware
2019-12-03 16:37:01,481 INFO 9136 [egg-security] use noopen middleware
2019-12-03 16:37:01,481 INFO 9136 [egg-security] use nosniff middleware
2019-12-03 16:37:01,482 INFO 9136 [egg-security] use xssProtection middleware
2019-12-03 16:37:01,482 INFO 9136 [egg-security] use xframe middleware
2019-12-03 16:37:01,482 INFO 9136 [egg-security] use dta middleware
2019-12-03 16:37:01,482 INFO 9136 [egg-security] compose 7 middlewares into one security middleware
2019-12-03 16:37:01,490 INFO 9136 [egg:core] dump config after load, 3ms
2019-12-03 16:37:01,498 INFO 9136 [egg-watcher:application] watcher start success
2019-12-03 16:37:01,502 INFO 9136 [egg:core] dump config after ready, 3ms
2019-12-03 16:37:03,523 INFO 8252 [egg:logger] init all loggers with options: {"dir":"D:\\code\\egg-example\\logs\\egg-example","encoding":"utf8","env":"local","level":"INFO","consoleLevel":"INFO","disableConsoleAfterReady":false,"outputJSON":false,"buffer":true,"appLogName":"egg-example-web.log","coreLogName":"egg-web.log","agentLogName":"egg-agent.log","errorLogName":"common-error.log","coreLogger":{"consoleLevel":"WARN"},"allowDebugAtProd":false,"type":"application"}
2019-12-03 16:37:03,546 INFO 8252 [egg-multipart] stream mode enable
2019-12-03 16:37:03,595 INFO 8252 [egg-static] starting static serve /public/ -> D:\code\egg-example\app\public
2019-12-03 16:37:03,598 INFO 8252 [egg-security] use csrf middleware
2019-12-03 16:37:03,598 INFO 8252 [egg-security] use methodnoallow middleware
2019-12-03 16:37:03,601 INFO 8252 [egg-security] use noopen middleware
2019-12-03 16:37:03,601 INFO 8252 [egg-security] use nosniff middleware
2019-12-03 16:37:03,602 INFO 8252 [egg-security] use xssProtection middleware
2019-12-03 16:37:03,602 INFO 8252 [egg-security] use xframe middleware
2019-12-03 16:37:03,603 INFO 8252 [egg-security] use dta middleware
2019-12-03 16:37:03,603 INFO 8252 [egg-security] compose 7 middlewares into one security middleware
2019-12-03 16:37:03,610 INFO 8252 [egg:core] dump config after load, 4ms
2019-12-03 16:37:03,618 INFO 8252 [egg-watcher:application] watcher start success
2019-12-03 16:37:03,623 INFO 8252 [egg:core] dump config after ready, 3ms
2019-12-03 16:37:38,461 INFO 13004 [egg:logger] init all loggers with options: {"dir":"D:\\code\\egg-example\\logs\\egg-example","encoding":"utf8","env":"local","level":"INFO","consoleLevel":"INFO","disableConsoleAfterReady":false,"outputJSON":false,"buffer":true,"appLogName":"egg-example-web.log","coreLogName":"egg-web.log","agentLogName":"egg-agent.log","errorLogName":"common-error.log","coreLogger":{"consoleLevel":"WARN"},"allowDebugAtProd":false,"type":"application"}
2019-12-03 16:37:38,487 INFO 13004 [egg-multipart] stream mode enable
2019-12-03 16:37:38,544 INFO 13004 [egg-static] starting static serve /public/ -> D:\code\egg-example\app\public
2019-12-03 16:37:38,547 INFO 13004 [egg-security] use csrf middleware
2019-12-03 16:37:38,547 INFO 13004 [egg-security] use methodnoallow middleware
2019-12-03 16:37:38,550 INFO 13004 [egg-security] use noopen middleware
2019-12-03 16:37:38,552 INFO 13004 [egg-security] use nosniff middleware
2019-12-03 16:37:38,552 INFO 13004 [egg-security] use xssProtection middleware
2019-12-03 16:37:38,553 INFO 13004 [egg-security] use xframe middleware
2019-12-03 16:37:38,553 INFO 13004 [egg-security] use dta middleware
2019-12-03 16:37:38,553 INFO 13004 [egg-security] compose 7 middlewares into one security middleware
2019-12-03 16:37:38,561 INFO 13004 [egg:core] dump config after load, 3ms
2019-12-03 16:37:38,570 INFO 13004 [egg-watcher:application] watcher start success
2019-12-03 16:37:38,575 INFO 13004 [egg:core] dump config after ready, 3ms
2019-12-03 16:41:03,848 INFO 12176 [egg:logger] init all loggers with options: {"dir":"D:\\code\\egg-example\\logs\\egg-example","encoding":"utf8","env":"local","level":"INFO","consoleLevel":"INFO","disableConsoleAfterReady":false,"outputJSON":false,"buffer":true,"appLogName":"egg-example-web.log","coreLogName":"egg-web.log","agentLogName":"egg-agent.log","errorLogName":"common-error.log","coreLogger":{"consoleLevel":"WARN"},"allowDebugAtProd":false,"type":"application"}
2019-12-03 16:41:03,872 INFO 12176 [egg-multipart] stream mode enable
2019-12-03 16:41:03,940 INFO 12176 [egg-static] starting static serve /public/ -> D:\code\egg-example\app\public
2019-12-03 16:41:03,943 INFO 12176 [egg-security] use csrf middleware
2019-12-03 16:41:03,945 INFO 12176 [egg-security] use methodnoallow middleware
2019-12-03 16:41:03,946 INFO 12176 [egg-security] use noopen middleware
2019-12-03 16:41:03,947 INFO 12176 [egg-security] use nosniff middleware
2019-12-03 16:41:03,947 INFO 12176 [egg-security] use xssProtection middleware
2019-12-03 16:41:03,948 INFO 12176 [egg-security] use xframe middleware
2019-12-03 16:41:03,948 INFO 12176 [egg-security] use dta middleware
2019-12-03 16:41:03,948 INFO 12176 [egg-security] compose 7 middlewares into one security middleware
2019-12-03 16:41:03,957 INFO 12176 [egg:core] dump config after load, 4ms
2019-12-03 16:41:03,970 INFO 12176 [egg-watcher:application] watcher start success
2019-12-03 16:41:03,975 INFO 12176 [egg:core] dump config after ready, 3ms
2019-12-03 16:42:46,793 INFO 9140 [egg:logger] init all loggers with options: {"dir":"D:\\code\\egg-example\\logs\\egg-example","encoding":"utf8","env":"local","level":"INFO","consoleLevel":"INFO","disableConsoleAfterReady":false,"outputJSON":false,"buffer":true,"appLogName":"egg-example-web.log","coreLogName":"egg-web.log","agentLogName":"egg-agent.log","errorLogName":"common-error.log","coreLogger":{"consoleLevel":"WARN"},"allowDebugAtProd":false,"type":"application"}
2019-12-03 16:42:46,818 INFO 9140 [egg-multipart] stream mode enable
2019-12-03 16:42:46,867 INFO 9140 [egg-static] starting static serve /public/ -> D:\code\egg-example\app\public
2019-12-03 16:42:46,869 INFO 9140 [egg-security] use csrf middleware
2019-12-03 16:42:46,870 INFO 9140 [egg-security] use methodnoallow middleware
2019-12-03 16:42:46,870 INFO 9140 [egg-security] use noopen middleware
2019-12-03 16:42:46,873 INFO 9140 [egg-security] use nosniff middleware
2019-12-03 16:42:46,873 INFO 9140 [egg-security] use xssProtection middleware
2019-12-03 16:42:46,874 INFO 9140 [egg-security] use xframe middleware
2019-12-03 16:42:46,874 INFO 9140 [egg-security] use dta middleware
2019-12-03 16:42:46,874 INFO 9140 [egg-security] compose 7 middlewares into one security middleware
2019-12-03 16:42:46,882 INFO 9140 [egg:core] dump config after load, 3ms
2019-12-03 16:42:46,890 INFO 9140 [egg-watcher:application] watcher start success
2019-12-03 16:42:46,895 INFO 9140 [egg:core] dump config after ready, 3ms
2019-12-03 16:42:56,467 INFO 3648 [egg:logger] init all loggers with options: {"dir":"D:\\code\\egg-example\\logs\\egg-example","encoding":"utf8","env":"local","level":"INFO","consoleLevel":"INFO","disableConsoleAfterReady":false,"outputJSON":false,"buffer":true,"appLogName":"egg-example-web.log","coreLogName":"egg-web.log","agentLogName":"egg-agent.log","errorLogName":"common-error.log","coreLogger":{"consoleLevel":"WARN"},"allowDebugAtProd":false,"type":"application"}
2019-12-03 16:42:56,493 INFO 3648 [egg-multipart] stream mode enable
2019-12-03 16:42:56,547 INFO 3648 [egg-static] starting static serve /public/ -> D:\code\egg-example\app\public
2019-12-03 16:42:56,549 INFO 3648 [egg-security] use csrf middleware
2019-12-03 16:42:56,551 INFO 3648 [egg-security] use methodnoallow middleware
2019-12-03 16:42:56,552 INFO 3648 [egg-security] use noopen middleware
2019-12-03 16:42:56,552 INFO 3648 [egg-security] use nosniff middleware
2019-12-03 16:42:56,553 INFO 3648 [egg-security] use xssProtection middleware
2019-12-03 16:42:56,553 INFO 3648 [egg-security] use xframe middleware
2019-12-03 16:42:56,553 INFO 3648 [egg-security] use dta middleware
2019-12-03 16:42:56,553 INFO 3648 [egg-security] compose 7 middlewares into one security middleware
2019-12-03 16:42:56,561 INFO 3648 [egg:core] dump config after load, 4ms
2019-12-03 16:42:56,569 INFO 3648 [egg-watcher:application] watcher start success
2019-12-03 16:42:56,574 INFO 3648 [egg:core] dump config after ready, 3ms
2019-12-03 16:43:33,145 INFO 3808 [egg:logger] init all loggers with options: {"dir":"D:\\code\\egg-example\\logs\\egg-example","encoding":"utf8","env":"local","level":"INFO","consoleLevel":"INFO","disableConsoleAfterReady":false,"outputJSON":false,"buffer":true,"appLogName":"egg-example-web.log","coreLogName":"egg-web.log","agentLogName":"egg-agent.log","errorLogName":"common-error.log","coreLogger":{"consoleLevel":"WARN"},"allowDebugAtProd":false,"type":"application"}
2019-12-03 16:43:33,168 INFO 3808 [egg-multipart] stream mode enable
2019-12-03 16:43:33,216 INFO 3808 [egg-static] starting static serve /public/ -> D:\code\egg-example\app\public
2019-12-03 16:43:33,217 INFO 3808 [egg-security] use csrf middleware
2019-12-03 16:43:33,220 INFO 3808 [egg-security] use methodnoallow middleware
2019-12-03 16:43:33,220 INFO 3808 [egg-security] use noopen middleware
2019-12-03 16:43:33,221 INFO 3808 [egg-security] use nosniff middleware
2019-12-03 16:43:33,221 INFO 3808 [egg-security] use xssProtection middleware
2019-12-03 16:43:33,221 INFO 3808 [egg-security] use xframe middleware
2019-12-03 16:43:33,222 INFO 3808 [egg-security] use dta middleware
2019-12-03 16:43:33,222 INFO 3808 [egg-security] compose 7 middlewares into one security middleware
2019-12-03 16:43:33,229 INFO 3808 [egg:core] dump config after load, 3ms
2019-12-03 16:43:33,237 INFO 3808 [egg-watcher:application] watcher start success
2019-12-03 16:43:33,241 INFO 3808 [egg:core] dump config after ready, 3ms
2019-12-03 16:43:41,310 INFO 5180 [egg:logger] init all loggers with options: {"dir":"D:\\code\\egg-example\\logs\\egg-example","encoding":"utf8","env":"local","level":"INFO","consoleLevel":"INFO","disableConsoleAfterReady":false,"outputJSON":false,"buffer":true,"appLogName":"egg-example-web.log","coreLogName":"egg-web.log","agentLogName":"egg-agent.log","errorLogName":"common-error.log","coreLogger":{"consoleLevel":"WARN"},"allowDebugAtProd":false,"type":"application"}
2019-12-03 16:43:41,335 INFO 5180 [egg-multipart] stream mode enable
2019-12-03 16:43:41,388 INFO 5180 [egg-static] starting static serve /public/ -> D:\code\egg-example\app\public
2019-12-03 16:43:41,391 INFO 5180 [egg-security] use csrf middleware
2019-12-03 16:43:41,391 INFO 5180 [egg-security] use methodnoallow middleware
2019-12-03 16:43:41,393 INFO 5180 [egg-security] use noopen middleware
2019-12-03 16:43:41,394 INFO 5180 [egg-security] use nosniff middleware
2019-12-03 16:43:41,394 INFO 5180 [egg-security] use xssProtection middleware
2019-12-03 16:43:41,394 INFO 5180 [egg-security] use xframe middleware
2019-12-03 16:43:41,395 INFO 5180 [egg-security] use dta middleware
2019-12-03 16:43:41,395 INFO 5180 [egg-security] compose 7 middlewares into one security middleware
2019-12-03 16:43:41,403 INFO 5180 [egg:core] dump config after load, 3ms
2019-12-03 16:43:41,411 INFO 5180 [egg-watcher:application] watcher start success
2019-12-03 16:43:41,416 INFO 5180 [egg:core] dump config after ready, 3ms
2019-12-03 16:44:18,109 INFO 936 [egg:logger] init all loggers with options: {"dir":"D:\\code\\egg-example\\logs\\egg-example","encoding":"utf8","env":"local","level":"INFO","consoleLevel":"INFO","disableConsoleAfterReady":false,"outputJSON":false,"buffer":true,"appLogName":"egg-example-web.log","coreLogName":"egg-web.log","agentLogName":"egg-agent.log","errorLogName":"common-error.log","coreLogger":{"consoleLevel":"WARN"},"allowDebugAtProd":false,"type":"application"}
2019-12-03 16:44:18,138 INFO 936 [egg-multipart] stream mode enable
2019-12-03 16:44:18,196 INFO 936 [egg-static] starting static serve /public/ -> D:\code\egg-example\app\public
2019-12-03 16:44:18,198 INFO 936 [egg-security] use csrf middleware
2019-12-03 16:44:18,200 INFO 936 [egg-security] use methodnoallow middleware
2019-12-03 16:44:18,201 INFO 936 [egg-security] use noopen middleware
2019-12-03 16:44:18,201 INFO 936 [egg-security] use nosniff middleware
2019-12-03 16:44:18,202 INFO 936 [egg-security] use xssProtection middleware
2019-12-03 16:44:18,202 INFO 936 [egg-security] use xframe middleware
2019-12-03 16:44:18,203 INFO 936 [egg-security] use dta middleware
2019-12-03 16:44:18,203 INFO 936 [egg-security] compose 7 middlewares into one security middleware
2019-12-03 16:44:18,211 INFO 936 [egg:core] dump config after load, 4ms
2019-12-03 16:44:18,219 INFO 936 [egg-watcher:application] watcher start success
2019-12-03 16:44:18,224 INFO 936 [egg:core] dump config after ready, 3ms
2019-12-03 16:44:47,441 INFO 4660 [egg:logger] init all loggers with options: {"dir":"D:\\code\\egg-example\\logs\\egg-example","encoding":"utf8","env":"local","level":"INFO","consoleLevel":"INFO","disableConsoleAfterReady":false,"outputJSON":false,"buffer":true,"appLogName":"egg-example-web.log","coreLogName":"egg-web.log","agentLogName":"egg-agent.log","errorLogName":"common-error.log","coreLogger":{"consoleLevel":"WARN"},"allowDebugAtProd":false,"type":"application"}
2019-12-03 16:44:47,467 INFO 4660 [egg-multipart] stream mode enable
2019-12-03 16:44:47,520 INFO 4660 [egg-static] starting static serve /public/ -> D:\code\egg-example\app\public
2019-12-03 16:44:47,523 INFO 4660 [egg-security] use csrf middleware
2019-12-03 16:44:47,525 INFO 4660 [egg-security] use methodnoallow middleware
2019-12-03 16:44:47,526 INFO 4660 [egg-security] use noopen middleware
2019-12-03 16:44:47,526 INFO 4660 [egg-security] use nosniff middleware
2019-12-03 16:44:47,527 INFO 4660 [egg-security] use xssProtection middleware
2019-12-03 16:44:47,527 INFO 4660 [egg-security] use xframe middleware
2019-12-03 16:44:47,528 INFO 4660 [egg-security] use dta middleware
2019-12-03 16:44:47,528 INFO 4660 [egg-security] compose 7 middlewares into one security middleware
2019-12-03 16:44:47,535 INFO 4660 [egg:core] dump config after load, 4ms
2019-12-03 16:44:47,544 INFO 4660 [egg-watcher:application] watcher start success
2019-12-03 16:44:47,548 INFO 4660 [egg:core] dump config after ready, 3ms
2019-12-03 16:44:53,182 INFO 11068 [egg:logger] init all loggers with options: {"dir":"D:\\code\\egg-example\\logs\\egg-example","encoding":"utf8","env":"local","level":"INFO","consoleLevel":"INFO","disableConsoleAfterReady":false,"outputJSON":false,"buffer":true,"appLogName":"egg-example-web.log","coreLogName":"egg-web.log","agentLogName":"egg-agent.log","errorLogName":"common-error.log","coreLogger":{"consoleLevel":"WARN"},"allowDebugAtProd":false,"type":"application"}
2019-12-03 16:44:53,212 INFO 11068 [egg-multipart] stream mode enable
2019-12-03 16:44:53,272 INFO 11068 [egg-static] starting static serve /public/ -> D:\code\egg-example\app\public
2019-12-03 16:44:53,275 INFO 11068 [egg-security] use csrf middleware
2019-12-03 16:44:53,276 INFO 11068 [egg-security] use methodnoallow middleware
2019-12-03 16:44:53,276 INFO 11068 [egg-security] use noopen middleware
2019-12-03 16:44:53,279 INFO 11068 [egg-security] use nosniff middleware
2019-12-03 16:44:53,279 INFO 11068 [egg-security] use xssProtection middleware
2019-12-03 16:44:53,280 INFO 11068 [egg-security] use xframe middleware
2019-12-03 16:44:53,280 INFO 11068 [egg-security] use dta middleware
2019-12-03 16:44:53,280 INFO 11068 [egg-security] compose 7 middlewares into one security middleware
2019-12-03 16:44:53,288 INFO 11068 [egg:core] dump config after load, 4ms
2019-12-03 16:44:53,296 INFO 11068 [egg-watcher:application] watcher start success
2019-12-03 16:44:53,300 INFO 11068 [egg:core] dump config after ready, 2ms
2019-12-03 16:44:53,392 INFO 11068 [egg-view-nunjucks] loading templates from ["D:\\code\\egg-example\\app\\view"]
2019-12-03 16:45:21,600 INFO 17840 [egg:logger] init all loggers with options: {"dir":"D:\\code\\egg-example\\logs\\egg-example","encoding":"utf8","env":"local","level":"INFO","consoleLevel":"INFO","disableConsoleAfterReady":false,"outputJSON":false,"buffer":true,"appLogName":"egg-example-web.log","coreLogName":"egg-web.log","agentLogName":"egg-agent.log","errorLogName":"common-error.log","coreLogger":{"consoleLevel":"WARN"},"allowDebugAtProd":false,"type":"application"}
2019-12-03 16:45:21,623 INFO 17840 [egg-multipart] stream mode enable
2019-12-03 16:45:21,676 INFO 17840 [egg-static] starting static serve /public/ -> D:\code\egg-example\app\public
2019-12-03 16:45:21,678 INFO 17840 [egg-security] use csrf middleware
2019-12-03 16:45:21,681 INFO 17840 [egg-security] use methodnoallow middleware
2019-12-03 16:45:21,681 INFO 17840 [egg-security] use noopen middleware
2019-12-03 16:45:21,682 INFO 17840 [egg-security] use nosniff middleware
2019-12-03 16:45:21,682 INFO 17840 [egg-security] use xssProtection middleware
2019-12-03 16:45:21,683 INFO 17840 [egg-security] use xframe middleware
2019-12-03 16:45:21,683 INFO 17840 [egg-security] use dta middleware
2019-12-03 16:45:21,683 INFO 17840 [egg-security] compose 7 middlewares into one security middleware
2019-12-03 16:45:21,691 INFO 17840 [egg:core] dump config after load, 4ms
2019-12-03 16:45:21,700 INFO 17840 [egg-watcher:application] watcher start success
2019-12-03 16:45:21,704 INFO 17840 [egg:core] dump config after ready, 3ms
2019-12-03 16:45:22,887 INFO 17840 [egg-view-nunjucks] loading templates from ["D:\\code\\egg-example\\app\\view"]
2019-12-03 16:46:36,009 INFO 16732 [egg:logger] init all loggers with options: {"dir":"D:\\code\\egg-example\\logs\\egg-example","encoding":"utf8","env":"local","level":"INFO","consoleLevel":"INFO","disableConsoleAfterReady":false,"outputJSON":false,"buffer":true,"appLogName":"egg-example-web.log","coreLogName":"egg-web.log","agentLogName":"egg-agent.log","errorLogName":"common-error.log","coreLogger":{"consoleLevel":"WARN"},"allowDebugAtProd":false,"type":"application"}
2019-12-03 16:46:36,034 INFO 16732 [egg-multipart] stream mode enable
2019-12-03 16:46:36,088 INFO 16732 [egg-static] starting static serve /public/ -> D:\code\egg-example\app\public
2019-12-03 16:46:36,091 INFO 16732 [egg-security] use csrf middleware
2019-12-03 16:46:36,093 INFO 16732 [egg-security] use methodnoallow middleware
2019-12-03 16:46:36,094 INFO 16732 [egg-security] use noopen middleware
2019-12-03 16:46:36,094 INFO 16732 [egg-security] use nosniff middleware
2019-12-03 16:46:36,094 INFO 16732 [egg-security] use xssProtection middleware
2019-12-03 16:46:36,095 INFO 16732 [egg-security] use xframe middleware
2019-12-03 16:46:36,095 INFO 16732 [egg-security] use dta middleware
2019-12-03 16:46:36,095 INFO 16732 [egg-security] compose 7 middlewares into one security middleware
2019-12-03 16:46:36,103 INFO 16732 [egg:core] dump config after load, 4ms
2019-12-03 16:46:36,115 INFO 16732 [egg-watcher:application] watcher start success
2019-12-03 16:46:36,119 INFO 16732 [egg:core] dump config after ready, 3ms
2019-12-03 16:46:36,378 INFO 16732 [egg-view-nunjucks] loading templates from ["D:\\code\\egg-example\\app\\view"]
2019-12-03 16:47:15,835 INFO 14256 [egg:logger] init all loggers with options: {"dir":"D:\\code\\egg-example\\logs\\egg-example","encoding":"utf8","env":"local","level":"INFO","consoleLevel":"INFO","disableConsoleAfterReady":false,"outputJSON":false,"buffer":true,"appLogName":"egg-example-web.log","coreLogName":"egg-web.log","agentLogName":"egg-agent.log","errorLogName":"common-error.log","coreLogger":{"consoleLevel":"WARN"},"allowDebugAtProd":false,"type":"application"}
2019-12-03 16:47:15,883 INFO 14256 [egg-multipart] stream mode enable
2019-12-03 16:47:15,943 INFO 14256 [egg-static] starting static serve /public/ -> D:\code\egg-example\app\public
2019-12-03 16:47:15,945 INFO 14256 [egg-security] use csrf middleware
2019-12-03 16:47:15,948 INFO 14256 [egg-security] use methodnoallow middleware
2019-12-03 16:47:15,949 INFO 14256 [egg-security] use noopen middleware
2019-12-03 16:47:15,949 INFO 14256 [egg-security] use nosniff middleware
2019-12-03 16:47:15,950 INFO 14256 [egg-security] use xssProtection middleware
2019-12-03 16:47:15,950 INFO 14256 [egg-security] use xframe middleware
2019-12-03 16:47:15,950 INFO 14256 [egg-security] use dta middleware
2019-12-03 16:47:15,950 INFO 14256 [egg-security] compose 7 middlewares into one security middleware
2019-12-03 16:47:15,957 INFO 14256 [egg:core] dump config after load, 3ms
2019-12-03 16:47:15,967 INFO 14256 [egg-watcher:application] watcher start success
2019-12-03 16:47:15,971 INFO 14256 [egg:core] dump config after ready, 3ms
2019-12-03 16:47:17,190 INFO 14256 [egg-view-nunjucks] loading templates from ["D:\\code\\egg-example\\app\\view"]
2019-12-03 16:48:16,163 INFO 6320 [egg:logger] init all loggers with options: {"dir":"D:\\code\\egg-example\\logs\\egg-example","encoding":"utf8","env":"local","level":"INFO","consoleLevel":"INFO","disableConsoleAfterReady":false,"outputJSON":false,"buffer":true,"appLogName":"egg-example-web.log","coreLogName":"egg-web.log","agentLogName":"egg-agent.log","errorLogName":"common-error.log","coreLogger":{"consoleLevel":"WARN"},"allowDebugAtProd":false,"type":"application"}
2019-12-03 16:48:16,189 INFO 6320 [egg-multipart] stream mode enable
2019-12-03 16:48:16,242 INFO 6320 [egg-static] starting static serve /public/ -> D:\code\egg-example\app\public
2019-12-03 16:48:16,244 INFO 6320 [egg-security] use csrf middleware
2019-12-03 16:48:16,244 INFO 6320 [egg-security] use methodnoallow middleware
2019-12-03 16:48:16,247 INFO 6320 [egg-security] use noopen middleware
2019-12-03 16:48:16,247 INFO 6320 [egg-security] use nosniff middleware
2019-12-03 16:48:16,248 INFO 6320 [egg-security] use xssProtection middleware
2019-12-03 16:48:16,248 INFO 6320 [egg-security] use xframe middleware
2019-12-03 16:48:16,249 INFO 6320 [egg-security] use dta middleware
2019-12-03 16:48:16,249 INFO 6320 [egg-security] compose 7 middlewares into one security middleware
2019-12-03 16:48:16,262 INFO 6320 [egg:core] dump config after load, 5ms
2019-12-03 16:48:16,276 INFO 6320 [egg-watcher:application] watcher start success
2019-12-03 16:48:16,281 INFO 6320 [egg:core] dump config after ready, 4ms
2019-12-03 16:49:00,856 INFO 3120 [egg:logger] init all loggers with options: {"dir":"D:\\code\\egg-example\\logs\\egg-example","encoding":"utf8","env":"local","level":"INFO","consoleLevel":"INFO","disableConsoleAfterReady":false,"outputJSON":false,"buffer":true,"appLogName":"egg-example-web.log","coreLogName":"egg-web.log","agentLogName":"egg-agent.log","errorLogName":"common-error.log","coreLogger":{"consoleLevel":"WARN"},"allowDebugAtProd":false,"type":"application"}
2019-12-03 16:49:00,885 INFO 3120 [egg-multipart] stream mode enable
2019-12-03 16:49:00,939 INFO 3120 [egg-static] starting static serve /public/ -> D:\code\egg-example\app\public
2019-12-03 16:49:00,945 INFO 3120 [egg-security] use csrf middleware
2019-12-03 16:49:00,946 INFO 3120 [egg-security] use methodnoallow middleware
2019-12-03 16:49:00,946 INFO 3120 [egg-security] use noopen middleware
2019-12-03 16:49:00,947 INFO 3120 [egg-security] use nosniff middleware
2019-12-03 16:49:00,948 INFO 3120 [egg-security] use xssProtection middleware
2019-12-03 16:49:00,948 INFO 3120 [egg-security] use xframe middleware
2019-12-03 16:49:00,948 INFO 3120 [egg-security] use dta middleware
2019-12-03 16:49:00,949 INFO 3120 [egg-security] compose 7 middlewares into one security middleware
2019-12-03 16:49:00,956 INFO 3120 [egg:core] dump config after load, 4ms
2019-12-03 16:49:00,964 INFO 3120 [egg-watcher:application] watcher start success
2019-12-03 16:49:00,969 INFO 3120 [egg:core] dump config after ready, 3ms
2019-12-03 16:49:03,012 INFO 14120 [egg:logger] init all loggers with options: {"dir":"D:\\code\\egg-example\\logs\\egg-example","encoding":"utf8","env":"local","level":"INFO","consoleLevel":"INFO","disableConsoleAfterReady":false,"outputJSON":false,"buffer":true,"appLogName":"egg-example-web.log","coreLogName":"egg-web.log","agentLogName":"egg-agent.log","errorLogName":"common-error.log","coreLogger":{"consoleLevel":"WARN"},"allowDebugAtProd":false,"type":"application"}
2019-12-03 16:49:03,039 INFO 14120 [egg-multipart] stream mode enable
2019-12-03 16:49:03,094 INFO 14120 [egg-static] starting static serve /public/ -> D:\code\egg-example\app\public
2019-12-03 16:49:03,096 INFO 14120 [egg-security] use csrf middleware
2019-12-03 16:49:03,099 INFO 14120 [egg-security] use methodnoallow middleware
2019-12-03 16:49:03,099 INFO 14120 [egg-security] use noopen middleware
2019-12-03 16:49:03,100 INFO 14120 [egg-security] use nosniff middleware
2019-12-03 16:49:03,100 INFO 14120 [egg-security] use xssProtection middleware
2019-12-03 16:49:03,101 INFO 14120 [egg-security] use xframe middleware
2019-12-03 16:49:03,101 INFO 14120 [egg-security] use dta middleware
2019-12-03 16:49:03,101 INFO 14120 [egg-security] compose 7 middlewares into one security middleware
2019-12-03 16:49:03,109 INFO 14120 [egg:core] dump config after load, 4ms
2019-12-03 16:49:03,118 INFO 14120 [egg-watcher:application] watcher start success
2019-12-03 16:49:03,123 INFO 14120 [egg:core] dump config after ready, 3ms
2019-12-03 16:49:05,988 INFO 14120 [egg-view-nunjucks] loading templates from ["D:\\code\\egg-example\\app\\view"]
2019-12-03 16:49:27,142 INFO 1072 [egg:logger] init all loggers with options: {"dir":"D:\\code\\egg-example\\logs\\egg-example","encoding":"utf8","env":"local","level":"INFO","consoleLevel":"INFO","disableConsoleAfterReady":false,"outputJSON":false,"buffer":true,"appLogName":"egg-example-web.log","coreLogName":"egg-web.log","agentLogName":"egg-agent.log","errorLogName":"common-error.log","coreLogger":{"consoleLevel":"WARN"},"allowDebugAtProd":false,"type":"application"}
2019-12-03 16:49:27,169 INFO 1072 [egg-multipart] stream mode enable
2019-12-03 16:49:27,220 INFO 1072 [egg-static] starting static serve /public/ -> D:\code\egg-example\app\public
2019-12-03 16:49:27,224 INFO 1072 [egg-security] use csrf middleware
2019-12-03 16:49:27,225 INFO 1072 [egg-security] use methodnoallow middleware
2019-12-03 16:49:27,225 INFO 1072 [egg-security] use noopen middleware
2019-12-03 16:49:27,226 INFO 1072 [egg-security] use nosniff middleware
2019-12-03 16:49:27,226 INFO 1072 [egg-security] use xssProtection middleware
2019-12-03 16:49:27,227 INFO 1072 [egg-security] use xframe middleware
2019-12-03 16:49:27,227 INFO 1072 [egg-security] use dta middleware
2019-12-03 16:49:27,227 INFO 1072 [egg-security] compose 7 middlewares into one security middleware
2019-12-03 16:49:27,234 INFO 1072 [egg:core] dump config after load, 4ms
2019-12-03 16:49:27,243 INFO 1072 [egg-watcher:application] watcher start success
2019-12-03 16:49:27,248 INFO 1072 [egg:core] dump config after ready, 3ms
2019-12-03 16:49:28,734 INFO 1668 [egg:logger] init all loggers with options: {"dir":"D:\\code\\egg-example\\logs\\egg-example","encoding":"utf8","env":"local","level":"INFO","consoleLevel":"INFO","disableConsoleAfterReady":false,"outputJSON":false,"buffer":true,"appLogName":"egg-example-web.log","coreLogName":"egg-web.log","agentLogName":"egg-agent.log","errorLogName":"common-error.log","coreLogger":{"consoleLevel":"WARN"},"allowDebugAtProd":false,"type":"application"}
2019-12-03 16:49:28,758 INFO 1668 [egg-multipart] stream mode enable
2019-12-03 16:49:28,808 INFO 1668 [egg-static] starting static serve /public/ -> D:\code\egg-example\app\public
2019-12-03 16:49:28,810 INFO 1668 [egg-security] use csrf middleware
2019-12-03 16:49:28,811 INFO 1668 [egg-security] use methodnoallow middleware
2019-12-03 16:49:28,813 INFO 1668 [egg-security] use noopen middleware
2019-12-03 16:49:28,814 INFO 1668 [egg-security] use nosniff middleware
2019-12-03 16:49:28,814 INFO 1668 [egg-security] use xssProtection middleware
2019-12-03 16:49:28,814 INFO 1668 [egg-security] use xframe middleware
2019-12-03 16:49:28,815 INFO 1668 [egg-security] use dta middleware
2019-12-03 16:49:28,815 INFO 1668 [egg-security] compose 7 middlewares into one security middleware
2019-12-03 16:49:28,822 INFO 1668 [egg:core] dump config after load, 4ms
2019-12-03 16:49:28,831 INFO 1668 [egg-watcher:application] watcher start success
2019-12-03 16:49:28,836 INFO 1668 [egg:core] dump config after ready, 3ms
2019-12-03 16:49:29,625 INFO 1668 [egg-view-nunjucks] loading templates from ["D:\\code\\egg-example\\app\\view"]
2019-12-03 16:49:41,132 INFO 5124 [egg:logger] init all loggers with options: {"dir":"D:\\code\\egg-example\\logs\\egg-example","encoding":"utf8","env":"local","level":"INFO","consoleLevel":"INFO","disableConsoleAfterReady":false,"outputJSON":false,"buffer":true,"appLogName":"egg-example-web.log","coreLogName":"egg-web.log","agentLogName":"egg-agent.log","errorLogName":"common-error.log","coreLogger":{"consoleLevel":"WARN"},"allowDebugAtProd":false,"type":"application"}
2019-12-03 16:49:41,156 INFO 5124 [egg-multipart] stream mode enable
2019-12-03 16:49:41,207 INFO 5124 [egg-static] starting static serve /public/ -> D:\code\egg-example\app\public
2019-12-03 16:49:41,212 INFO 5124 [egg-security] use csrf middleware
2019-12-03 16:49:41,212 INFO 5124 [egg-security] use methodnoallow middleware
2019-12-03 16:49:41,213 INFO 5124 [egg-security] use noopen middleware
2019-12-03 16:49:41,213 INFO 5124 [egg-security] use nosniff middleware
2019-12-03 16:49:41,214 INFO 5124 [egg-security] use xssProtection middleware
2019-12-03 16:49:41,214 INFO 5124 [egg-security] use xframe middleware
2019-12-03 16:49:41,214 INFO 5124 [egg-security] use dta middleware
2019-12-03 16:49:41,214 INFO 5124 [egg-security] compose 7 middlewares into one security middleware
2019-12-03 16:49:41,221 INFO 5124 [egg:core] dump config after load, 3ms
2019-12-03 16:49:41,230 INFO 5124 [egg-watcher:application] watcher start success
2019-12-03 16:49:41,235 INFO 5124 [egg:core] dump config after ready, 3ms
2019-12-03 16:49:41,281 INFO 5124 [egg-view-nunjucks] loading templates from ["D:\\code\\egg-example\\app\\view"]
2019-12-03 16:50:33,315 INFO 8304 [egg:logger] init all loggers with options: {"dir":"D:\\code\\egg-example\\logs\\egg-example","encoding":"utf8","env":"local","level":"INFO","consoleLevel":"INFO","disableConsoleAfterReady":false,"outputJSON":false,"buffer":true,"appLogName":"egg-example-web.log","coreLogName":"egg-web.log","agentLogName":"egg-agent.log","errorLogName":"common-error.log","coreLogger":{"consoleLevel":"WARN"},"allowDebugAtProd":false,"type":"application"}
2019-12-03 16:50:33,340 INFO 8304 [egg-multipart] stream mode enable
2019-12-03 16:50:33,392 INFO 8304 [egg-static] starting static serve /public/ -> D:\code\egg-example\app\public
2019-12-03 16:50:33,397 INFO 8304 [egg-security] use csrf middleware
2019-12-03 16:50:33,397 INFO 8304 [egg-security] use methodnoallow middleware
2019-12-03 16:50:33,398 INFO 8304 [egg-security] use noopen middleware
2019-12-03 16:50:33,398 INFO 8304 [egg-security] use nosniff middleware
2019-12-03 16:50:33,399 INFO 8304 [egg-security] use xssProtection middleware
2019-12-03 16:50:33,399 INFO 8304 [egg-security] use xframe middleware
2019-12-03 16:50:33,399 INFO 8304 [egg-security] use dta middleware
2019-12-03 16:50:33,399 INFO 8304 [egg-security] compose 7 middlewares into one security middleware
2019-12-03 16:50:33,406 INFO 8304 [egg:core] dump config after load, 3ms
2019-12-03 16:50:33,417 INFO 8304 [egg-watcher:application] watcher start success
2019-12-03 16:50:33,422 INFO 8304 [egg:core] dump config after ready, 3ms
2019-12-03 16:50:33,477 INFO 8304 [egg-view-nunjucks] loading templates from ["D:\\code\\egg-example\\app\\view"]
2019-12-03 16:50:56,025 INFO 8124 [egg:logger] init all loggers with options: {"dir":"D:\\code\\egg-example\\logs\\egg-example","encoding":"utf8","env":"local","level":"INFO","consoleLevel":"INFO","disableConsoleAfterReady":false,"outputJSON":false,"buffer":true,"appLogName":"egg-example-web.log","coreLogName":"egg-web.log","agentLogName":"egg-agent.log","errorLogName":"common-error.log","coreLogger":{"consoleLevel":"WARN"},"allowDebugAtProd":false,"type":"application"}
2019-12-03 16:50:56,051 INFO 8124 [egg-multipart] stream mode enable
2019-12-03 16:50:56,104 INFO 8124 [egg-static] starting static serve /public/ -> D:\code\egg-example\app\public
2019-12-03 16:50:56,106 INFO 8124 [egg-security] use csrf middleware
2019-12-03 16:50:56,107 INFO 8124 [egg-security] use methodnoallow middleware
2019-12-03 16:50:56,107 INFO 8124 [egg-security] use noopen middleware
2019-12-03 16:50:56,108 INFO 8124 [egg-security] use nosniff middleware
2019-12-03 16:50:56,110 INFO 8124 [egg-security] use xssProtection middleware
2019-12-03 16:50:56,110 INFO 8124 [egg-security] use xframe middleware
2019-12-03 16:50:56,111 INFO 8124 [egg-security] use dta middleware
2019-12-03 16:50:56,111 INFO 8124 [egg-security] compose 7 middlewares into one security middleware
2019-12-03 16:50:56,118 INFO 8124 [egg:core] dump config after load, 4ms
2019-12-03 16:50:56,126 INFO 8124 [egg-watcher:application] watcher start success
2019-12-03 16:50:56,131 INFO 8124 [egg:core] dump config after ready, 3ms
2019-12-03 16:50:57,806 INFO 8124 [egg-view-nunjucks] loading templates from ["D:\\code\\egg-example\\app\\view"]
2019-12-03 16:51:14,575 INFO 1944 [egg:logger] init all loggers with options: {"dir":"D:\\code\\egg-example\\logs\\egg-example","encoding":"utf8","env":"local","level":"INFO","consoleLevel":"INFO","disableConsoleAfterReady":false,"outputJSON":false,"buffer":true,"appLogName":"egg-example-web.log","coreLogName":"egg-web.log","agentLogName":"egg-agent.log","errorLogName":"common-error.log","coreLogger":{"consoleLevel":"WARN"},"allowDebugAtProd":false,"type":"application"}
2019-12-03 16:51:14,601 INFO 1944 [egg-multipart] stream mode enable
2019-12-03 16:51:14,657 INFO 1944 [egg-static] starting static serve /public/ -> D:\code\egg-example\app\public
2019-12-03 16:51:14,660 INFO 1944 [egg-security] use csrf middleware
2019-12-03 16:51:14,662 INFO 1944 [egg-security] use methodnoallow middleware
2019-12-03 16:51:14,663 INFO 1944 [egg-security] use noopen middleware
2019-12-03 16:51:14,663 INFO 1944 [egg-security] use nosniff middleware
2019-12-03 16:51:14,664 INFO 1944 [egg-security] use xssProtection middleware
2019-12-03 16:51:14,664 INFO 1944 [egg-security] use xframe middleware
2019-12-03 16:51:14,664 INFO 1944 [egg-security] use dta middleware
2019-12-03 16:51:14,664 INFO 1944 [egg-security] compose 7 middlewares into one security middleware
2019-12-03 16:51:14,672 INFO 1944 [egg:core] dump config after load, 3ms
2019-12-03 16:51:14,682 INFO 1944 [egg-watcher:application] watcher start success
2019-12-03 16:51:14,687 INFO 1944 [egg:core] dump config after ready, 3ms
2019-12-03 16:51:34,234 INFO 19968 [egg:logger] init all loggers with options: {"dir":"D:\\code\\egg-example\\logs\\egg-example","encoding":"utf8","env":"local","level":"INFO","consoleLevel":"INFO","disableConsoleAfterReady":false,"outputJSON":false,"buffer":true,"appLogName":"egg-example-web.log","coreLogName":"egg-web.log","agentLogName":"egg-agent.log","errorLogName":"common-error.log","coreLogger":{"consoleLevel":"WARN"},"allowDebugAtProd":false,"type":"application"}
2019-12-03 16:51:34,258 INFO 19968 [egg-multipart] stream mode enable
2019-12-03 16:51:34,308 INFO 19968 [egg-static] starting static serve /public/ -> D:\code\egg-example\app\public
2019-12-03 16:51:34,311 INFO 19968 [egg-security] use csrf middleware
2019-12-03 16:51:34,313 INFO 19968 [egg-security] use methodnoallow middleware
2019-12-03 16:51:34,314 INFO 19968 [egg-security] use noopen middleware
2019-12-03 16:51:34,314 INFO 19968 [egg-security] use nosniff middleware
2019-12-03 16:51:34,315 INFO 19968 [egg-security] use xssProtection middleware
2019-12-03 16:51:34,315 INFO 19968 [egg-security] use xframe middleware
2019-12-03 16:51:34,315 INFO 19968 [egg-security] use dta middleware
2019-12-03 16:51:34,315 INFO 19968 [egg-security] compose 7 middlewares into one security middleware
2019-12-03 16:51:34,323 INFO 19968 [egg:core] dump config after load, 4ms
2019-12-03 16:51:34,332 INFO 19968 [egg-watcher:application] watcher start success
2019-12-03 16:51:34,337 INFO 19968 [egg:core] dump config after ready, 4ms
2019-12-03 16:51:36,948 INFO 19968 [egg-view-nunjucks] loading templates from ["D:\\code\\egg-example\\app\\view"]
2019-12-03 16:52:25,716 INFO 15520 [egg:logger] init all loggers with options: {"dir":"D:\\code\\egg-example\\logs\\egg-example","encoding":"utf8","env":"local","level":"INFO","consoleLevel":"INFO","disableConsoleAfterReady":false,"outputJSON":false,"buffer":true,"appLogName":"egg-example-web.log","coreLogName":"egg-web.log","agentLogName":"egg-agent.log","errorLogName":"common-error.log","coreLogger":{"consoleLevel":"WARN"},"allowDebugAtProd":false,"type":"application"}
2019-12-03 16:52:25,739 INFO 15520 [egg-multipart] stream mode enable
2019-12-03 16:52:25,788 INFO 15520 [egg-static] starting static serve /public/ -> D:\code\egg-example\app\public
2019-12-03 16:52:25,792 INFO 15520 [egg-security] use csrf middleware
2019-12-03 16:52:25,793 INFO 15520 [egg-security] use methodnoallow middleware
2019-12-03 16:52:25,793 INFO 15520 [egg-security] use noopen middleware
2019-12-03 16:52:25,794 INFO 15520 [egg-security] use nosniff middleware
2019-12-03 16:52:25,794 INFO 15520 [egg-security] use xssProtection middleware
2019-12-03 16:52:25,794 INFO 15520 [egg-security] use xframe middleware
2019-12-03 16:52:25,795 INFO 15520 [egg-security] use dta middleware
2019-12-03 16:52:25,795 INFO 15520 [egg-security] compose 7 middlewares into one security middleware
2019-12-03 16:52:25,802 INFO 15520 [egg:core] dump config after load, 3ms
2019-12-03 16:52:25,809 INFO 15520 [egg-watcher:application] watcher start success
2019-12-03 16:52:25,814 INFO 15520 [egg:core] dump config after ready, 3ms
2019-12-03 16:52:34,250 INFO 12336 [egg:logger] init all loggers with options: {"dir":"D:\\code\\egg-example\\logs\\egg-example","encoding":"utf8","env":"local","level":"INFO","consoleLevel":"INFO","disableConsoleAfterReady":false,"outputJSON":false,"buffer":true,"appLogName":"egg-example-web.log","coreLogName":"egg-web.log","agentLogName":"egg-agent.log","errorLogName":"common-error.log","coreLogger":{"consoleLevel":"WARN"},"allowDebugAtProd":false,"type":"application"}
2019-12-03 16:52:34,275 INFO 12336 [egg-multipart] stream mode enable
2019-12-03 16:52:34,324 INFO 12336 [egg-static] starting static serve /public/ -> D:\code\egg-example\app\public
2019-12-03 16:52:34,326 INFO 12336 [egg-security] use csrf middleware
2019-12-03 16:52:34,326 INFO 12336 [egg-security] use methodnoallow middleware
2019-12-03 16:52:34,328 INFO 12336 [egg-security] use noopen middleware
2019-12-03 16:52:34,329 INFO 12336 [egg-security] use nosniff middleware
2019-12-03 16:52:34,329 INFO 12336 [egg-security] use xssProtection middleware
2019-12-03 16:52:34,330 INFO 12336 [egg-security] use xframe middleware
2019-12-03 16:52:34,330 INFO 12336 [egg-security] use dta middleware
2019-12-03 16:52:34,330 INFO 12336 [egg-security] compose 7 middlewares into one security middleware
2019-12-03 16:52:34,337 INFO 12336 [egg:core] dump config after load, 3ms
2019-12-03 16:52:34,345 INFO 12336 [egg-watcher:application] watcher start success
2019-12-03 16:52:34,350 INFO 12336 [egg:core] dump config after ready, 3ms
2019-12-03 16:53:14,576 INFO 14568 [egg:logger] init all loggers with options: {"dir":"D:\\code\\egg-example\\logs\\egg-example","encoding":"utf8","env":"local","level":"INFO","consoleLevel":"INFO","disableConsoleAfterReady":false,"outputJSON":false,"buffer":true,"appLogName":"egg-example-web.log","coreLogName":"egg-web.log","agentLogName":"egg-agent.log","errorLogName":"common-error.log","coreLogger":{"consoleLevel":"WARN"},"allowDebugAtProd":false,"type":"application"}
2019-12-03 16:53:14,601 INFO 14568 [egg-multipart] stream mode enable
2019-12-03 16:53:14,651 INFO 14568 [egg-static] starting static serve /public/ -> D:\code\egg-example\app\public
2019-12-03 16:53:14,653 INFO 14568 [egg-security] use csrf middleware
2019-12-03 16:53:14,656 INFO 14568 [egg-security] use methodnoallow middleware
2019-12-03 16:53:14,656 INFO 14568 [egg-security] use noopen middleware
2019-12-03 16:53:14,656 INFO 14568 [egg-security] use nosniff middleware
2019-12-03 16:53:14,657 INFO 14568 [egg-security] use xssProtection middleware
2019-12-03 16:53:14,657 INFO 14568 [egg-security] use xframe middleware
2019-12-03 16:53:14,658 INFO 14568 [egg-security] use dta middleware
2019-12-03 16:53:14,658 INFO 14568 [egg-security] compose 7 middlewares into one security middleware
2019-12-03 16:53:14,665 INFO 14568 [egg:core] dump config after load, 4ms
2019-12-03 16:53:14,675 INFO 14568 [egg-watcher:application] watcher start success
2019-12-03 16:53:14,680 INFO 14568 [egg:core] dump config after ready, 4ms
2019-12-03 16:53:22,919 INFO 6184 [egg:logger] init all loggers with options: {"dir":"D:\\code\\egg-example\\logs\\egg-example","encoding":"utf8","env":"local","level":"INFO","consoleLevel":"INFO","disableConsoleAfterReady":false,"outputJSON":false,"buffer":true,"appLogName":"egg-example-web.log","coreLogName":"egg-web.log","agentLogName":"egg-agent.log","errorLogName":"common-error.log","coreLogger":{"consoleLevel":"WARN"},"allowDebugAtProd":false,"type":"application"}
2019-12-03 16:53:22,943 INFO 6184 [egg-multipart] stream mode enable
2019-12-03 16:53:22,993 INFO 6184 [egg-static] starting static serve /public/ -> D:\code\egg-example\app\public
2019-12-03 16:53:22,996 INFO 6184 [egg-security] use csrf middleware
2019-12-03 16:53:22,997 INFO 6184 [egg-security] use methodnoallow middleware
2019-12-03 16:53:22,997 INFO 6184 [egg-security] use noopen middleware
2019-12-03 16:53:22,998 INFO 6184 [egg-security] use nosniff middleware
2019-12-03 16:53:22,998 INFO 6184 [egg-security] use xssProtection middleware
2019-12-03 16:53:22,999 INFO 6184 [egg-security] use xframe middleware
2019-12-03 16:53:22,999 INFO 6184 [egg-security] use dta middleware
2019-12-03 16:53:22,999 INFO 6184 [egg-security] compose 7 middlewares into one security middleware
2019-12-03 16:53:23,006 INFO 6184 [egg:core] dump config after load, 3ms
2019-12-03 16:53:23,015 INFO 6184 [egg-watcher:application] watcher start success
2019-12-03 16:53:23,020 INFO 6184 [egg:core] dump config after ready, 3ms
2019-12-03 16:53:24,332 INFO 15792 [egg:logger] init all loggers with options: {"dir":"D:\\code\\egg-example\\logs\\egg-example","encoding":"utf8","env":"local","level":"INFO","consoleLevel":"INFO","disableConsoleAfterReady":false,"outputJSON":false,"buffer":true,"appLogName":"egg-example-web.log","coreLogName":"egg-web.log","agentLogName":"egg-agent.log","errorLogName":"common-error.log","coreLogger":{"consoleLevel":"WARN"},"allowDebugAtProd":false,"type":"application"}
2019-12-03 16:53:24,360 INFO 15792 [egg-multipart] stream mode enable
2019-12-03 16:53:24,417 INFO 15792 [egg-static] starting static serve /public/ -> D:\code\egg-example\app\public
2019-12-03 16:53:24,419 INFO 15792 [egg-security] use csrf middleware
2019-12-03 16:53:24,421 INFO 15792 [egg-security] use methodnoallow middleware
2019-12-03 16:53:24,422 INFO 15792 [egg-security] use noopen middleware
2019-12-03 16:53:24,422 INFO 15792 [egg-security] use nosniff middleware
2019-12-03 16:53:24,423 INFO 15792 [egg-security] use xssProtection middleware
2019-12-03 16:53:24,423 INFO 15792 [egg-security] use xframe middleware
2019-12-03 16:53:24,423 INFO 15792 [egg-security] use dta middleware
2019-12-03 16:53:24,423 INFO 15792 [egg-security] compose 7 middlewares into one security middleware
2019-12-03 16:53:24,432 INFO 15792 [egg:core] dump config after load, 5ms
2019-12-03 16:53:24,440 INFO 15792 [egg-watcher:application] watcher start success
2019-12-03 16:53:24,444 INFO 15792 [egg:core] dump config after ready, 3ms
2019-12-03 16:55:29,171 INFO 12716 [egg:logger] init all loggers with options: {"dir":"D:\\code\\egg-example\\logs\\egg-example","encoding":"utf8","env":"local","level":"INFO","consoleLevel":"INFO","disableConsoleAfterReady":false,"outputJSON":false,"buffer":true,"appLogName":"egg-example-web.log","coreLogName":"egg-web.log","agentLogName":"egg-agent.log","errorLogName":"common-error.log","coreLogger":{"consoleLevel":"WARN"},"allowDebugAtProd":false,"type":"application"}
2019-12-03 16:55:29,194 INFO 12716 [egg-multipart] stream mode enable
2019-12-03 16:55:29,242 INFO 12716 [egg-static] starting static serve /public/ -> D:\code\egg-example\app\public
2019-12-03 16:55:29,245 INFO 12716 [egg-security] use csrf middleware
2019-12-03 16:55:29,247 INFO 12716 [egg-security] use methodnoallow middleware
2019-12-03 16:55:29,247 INFO 12716 [egg-security] use noopen middleware
2019-12-03 16:55:29,248 INFO 12716 [egg-security] use nosniff middleware
2019-12-03 16:55:29,248 INFO 12716 [egg-security] use xssProtection middleware
2019-12-03 16:55:29,249 INFO 12716 [egg-security] use xframe middleware
2019-12-03 16:55:29,249 INFO 12716 [egg-security] use dta middleware
2019-12-03 16:55:29,249 INFO 12716 [egg-security] compose 7 middlewares into one security middleware
2019-12-03 16:55:29,256 INFO 12716 [egg:core] dump config after load, 4ms
2019-12-03 16:55:29,264 INFO 12716 [egg-watcher:application] watcher start success
2019-12-03 16:55:29,269 INFO 12716 [egg:core] dump config after ready, 3ms
2019-12-03 16:55:31,338 INFO 12716 [egg-view-nunjucks] loading templates from ["D:\\code\\egg-example\\app\\view"]
2019-12-03 16:56:39,659 INFO 4136 [egg:logger] init all loggers with options: {"dir":"D:\\code\\egg-example\\logs\\egg-example","encoding":"utf8","env":"local","level":"INFO","consoleLevel":"INFO","disableConsoleAfterReady":false,"outputJSON":false,"buffer":true,"appLogName":"egg-example-web.log","coreLogName":"egg-web.log","agentLogName":"egg-agent.log","errorLogName":"common-error.log","coreLogger":{"consoleLevel":"WARN"},"allowDebugAtProd":false,"type":"application"}
2019-12-03 16:56:39,684 INFO 4136 [egg-multipart] stream mode enable
2019-12-03 16:56:39,737 INFO 4136 [egg-static] starting static serve /public/ -> D:\code\egg-example\app\public
2019-12-03 16:56:39,739 INFO 4136 [egg-security] use csrf middleware
2019-12-03 16:56:39,742 INFO 4136 [egg-security] use methodnoallow middleware
2019-12-03 16:56:39,743 INFO 4136 [egg-security] use noopen middleware
2019-12-03 16:56:39,743 INFO 4136 [egg-security] use nosniff middleware
2019-12-03 16:56:39,744 INFO 4136 [egg-security] use xssProtection middleware
2019-12-03 16:56:39,744 INFO 4136 [egg-security] use xframe middleware
2019-12-03 16:56:39,745 INFO 4136 [egg-security] use dta middleware
2019-12-03 16:56:39,745 INFO 4136 [egg-security] compose 7 middlewares into one security middleware
2019-12-03 16:56:39,753 INFO 4136 [egg:core] dump config after load, 4ms
2019-12-03 16:56:39,762 INFO 4136 [egg-watcher:application] watcher start success
2019-12-03 16:56:39,766 INFO 4136 [egg:core] dump config after ready, 3ms
2019-12-03 16:56:42,627 INFO 5000 [egg:logger] init all loggers with options: {"dir":"D:\\code\\egg-example\\logs\\egg-example","encoding":"utf8","env":"local","level":"INFO","consoleLevel":"INFO","disableConsoleAfterReady":false,"outputJSON":false,"buffer":true,"appLogName":"egg-example-web.log","coreLogName":"egg-web.log","agentLogName":"egg-agent.log","errorLogName":"common-error.log","coreLogger":{"consoleLevel":"WARN"},"allowDebugAtProd":false,"type":"application"}
2019-12-03 16:56:42,651 INFO 5000 [egg-multipart] stream mode enable
2019-12-03 16:56:42,700 INFO 5000 [egg-static] starting static serve /public/ -> D:\code\egg-example\app\public
2019-12-03 16:56:42,703 INFO 5000 [egg-security] use csrf middleware
2019-12-03 16:56:42,706 INFO 5000 [egg-security] use methodnoallow middleware
2019-12-03 16:56:42,707 INFO 5000 [egg-security] use noopen middleware
2019-12-03 16:56:42,707 INFO 5000 [egg-security] use nosniff middleware
2019-12-03 16:56:42,708 INFO 5000 [egg-security] use xssProtection middleware
2019-12-03 16:56:42,708 INFO 5000 [egg-security] use xframe middleware
2019-12-03 16:56:42,708 INFO 5000 [egg-security] use dta middleware
2019-12-03 16:56:42,708 INFO 5000 [egg-security] compose 7 middlewares into one security middleware
2019-12-03 16:56:42,716 INFO 5000 [egg:core] dump config after load, 3ms
2019-12-03 16:56:42,725 INFO 5000 [egg-watcher:application] watcher start success
2019-12-03 16:56:42,729 INFO 5000 [egg:core] dump config after ready, 3ms
2019-12-03 16:56:44,573 INFO 17900 [egg:logger] init all loggers with options: {"dir":"D:\\code\\egg-example\\logs\\egg-example","encoding":"utf8","env":"local","level":"INFO","consoleLevel":"INFO","disableConsoleAfterReady":false,"outputJSON":false,"buffer":true,"appLogName":"egg-example-web.log","coreLogName":"egg-web.log","agentLogName":"egg-agent.log","errorLogName":"common-error.log","coreLogger":{"consoleLevel":"WARN"},"allowDebugAtProd":false,"type":"application"}
2019-12-03 16:56:44,598 INFO 17900 [egg-multipart] stream mode enable
2019-12-03 16:56:44,651 INFO 17900 [egg-static] starting static serve /public/ -> D:\code\egg-example\app\public
2019-12-03 16:56:44,654 INFO 17900 [egg-security] use csrf middleware
2019-12-03 16:56:44,655 INFO 17900 [egg-security] use methodnoallow middleware
2019-12-03 16:56:44,655 INFO 17900 [egg-security] use noopen middleware
2019-12-03 16:56:44,656 INFO 17900 [egg-security] use nosniff middleware
2019-12-03 16:56:44,656 INFO 17900 [egg-security] use xssProtection middleware
2019-12-03 16:56:44,657 INFO 17900 [egg-security] use xframe middleware
2019-12-03 16:56:44,657 INFO 17900 [egg-security] use dta middleware
2019-12-03 16:56:44,657 INFO 17900 [egg-security] compose 7 middlewares into one security middleware
2019-12-03 16:56:44,665 INFO 17900 [egg:core] dump config after load, 3ms
2019-12-03 16:56:44,674 INFO 17900 [egg-watcher:application] watcher start success
2019-12-03 16:56:44,679 INFO 17900 [egg:core] dump config after ready, 4ms
2019-12-03 16:56:56,744 INFO 19588 [egg:logger] init all loggers with options: {"dir":"D:\\code\\egg-example\\logs\\egg-example","encoding":"utf8","env":"local","level":"INFO","consoleLevel":"INFO","disableConsoleAfterReady":false,"outputJSON":false,"buffer":true,"appLogName":"egg-example-web.log","coreLogName":"egg-web.log","agentLogName":"egg-agent.log","errorLogName":"common-error.log","coreLogger":{"consoleLevel":"WARN"},"allowDebugAtProd":false,"type":"application"}
2019-12-03 16:56:56,768 INFO 19588 [egg-multipart] stream mode enable
2019-12-03 16:56:56,819 INFO 19588 [egg-static] starting static serve /public/ -> D:\code\egg-example\app\public
2019-12-03 16:56:56,821 INFO 19588 [egg-security] use csrf middleware
2019-12-03 16:56:56,824 INFO 19588 [egg-security] use methodnoallow middleware
2019-12-03 16:56:56,824 INFO 19588 [egg-security] use noopen middleware
2019-12-03 16:56:56,825 INFO 19588 [egg-security] use nosniff middleware
2019-12-03 16:56:56,825 INFO 19588 [egg-security] use xssProtection middleware
2019-12-03 16:56:56,825 INFO 19588 [egg-security] use xframe middleware
2019-12-03 16:56:56,826 INFO 19588 [egg-security] use dta middleware
2019-12-03 16:56:56,826 INFO 19588 [egg-security] compose 7 middlewares into one security middleware
2019-12-03 16:56:56,833 INFO 19588 [egg:core] dump config after load, 3ms
2019-12-03 16:56:56,842 INFO 19588 [egg-watcher:application] watcher start success
2019-12-03 16:56:56,846 INFO 19588 [egg:core] dump config after ready, 3ms
2019-12-03 16:57:03,020 INFO 10220 [egg:logger] init all loggers with options: {"dir":"D:\\code\\egg-example\\logs\\egg-example","encoding":"utf8","env":"local","level":"INFO","consoleLevel":"INFO","disableConsoleAfterReady":false,"outputJSON":false,"buffer":true,"appLogName":"egg-example-web.log","coreLogName":"egg-web.log","agentLogName":"egg-agent.log","errorLogName":"common-error.log","coreLogger":{"consoleLevel":"WARN"},"allowDebugAtProd":false,"type":"application"}
2019-12-03 16:57:03,047 INFO 10220 [egg-multipart] stream mode enable
2019-12-03 16:57:03,105 INFO 10220 [egg-static] starting static serve /public/ -> D:\code\egg-example\app\public
2019-12-03 16:57:03,107 INFO 10220 [egg-security] use csrf middleware
2019-12-03 16:57:03,111 INFO 10220 [egg-security] use methodnoallow middleware
2019-12-03 16:57:03,112 INFO 10220 [egg-security] use noopen middleware
2019-12-03 16:57:03,112 INFO 10220 [egg-security] use nosniff middleware
2019-12-03 16:57:03,113 INFO 10220 [egg-security] use xssProtection middleware
2019-12-03 16:57:03,113 INFO 10220 [egg-security] use xframe middleware
2019-12-03 16:57:03,114 INFO 10220 [egg-security] use dta middleware
2019-12-03 16:57:03,114 INFO 10220 [egg-security] compose 7 middlewares into one security middleware
2019-12-03 16:57:03,123 INFO 10220 [egg:core] dump config after load, 3ms
2019-12-03 16:57:03,133 INFO 10220 [egg-watcher:application] watcher start success
2019-12-03 16:57:03,138 INFO 10220 [egg:core] dump config after ready, 3ms
2019-12-03 16:57:06,552 INFO 236 [egg:logger] init all loggers with options: {"dir":"D:\\code\\egg-example\\logs\\egg-example","encoding":"utf8","env":"local","level":"INFO","consoleLevel":"INFO","disableConsoleAfterReady":false,"outputJSON":false,"buffer":true,"appLogName":"egg-example-web.log","coreLogName":"egg-web.log","agentLogName":"egg-agent.log","errorLogName":"common-error.log","coreLogger":{"consoleLevel":"WARN"},"allowDebugAtProd":false,"type":"application"}
2019-12-03 16:57:06,576 INFO 236 [egg-multipart] stream mode enable
2019-12-03 16:57:06,626 INFO 236 [egg-static] starting static serve /public/ -> D:\code\egg-example\app\public
2019-12-03 16:57:06,628 INFO 236 [egg-security] use csrf middleware
2019-12-03 16:57:06,630 INFO 236 [egg-security] use methodnoallow middleware
2019-12-03 16:57:06,631 INFO 236 [egg-security] use noopen middleware
2019-12-03 16:57:06,632 INFO 236 [egg-security] use nosniff middleware
2019-12-03 16:57:06,632 INFO 236 [egg-security] use xssProtection middleware
2019-12-03 16:57:06,633 INFO 236 [egg-security] use xframe middleware
2019-12-03 16:57:06,633 INFO 236 [egg-security] use dta middleware
2019-12-03 16:57:06,633 INFO 236 [egg-security] compose 7 middlewares into one security middleware
2019-12-03 16:57:06,640 INFO 236 [egg:core] dump config after load, 3ms
2019-12-03 16:57:06,649 INFO 236 [egg-watcher:application] watcher start success
2019-12-03 16:57:06,654 INFO 236 [egg:core] dump config after ready, 3ms
2019-12-03 16:57:54,723 INFO 5420 [egg:logger] init all loggers with options: {"dir":"D:\\code\\egg-example\\logs\\egg-example","encoding":"utf8","env":"local","level":"INFO","consoleLevel":"INFO","disableConsoleAfterReady":false,"outputJSON":false,"buffer":true,"appLogName":"egg-example-web.log","coreLogName":"egg-web.log","agentLogName":"egg-agent.log","errorLogName":"common-error.log","coreLogger":{"consoleLevel":"WARN"},"allowDebugAtProd":false,"type":"application"}
2019-12-03 16:57:54,748 INFO 5420 [egg-multipart] stream mode enable
2019-12-03 16:57:54,799 INFO 5420 [egg-static] starting static serve /public/ -> D:\code\egg-example\app\public
2019-12-03 16:57:54,803 INFO 5420 [egg-security] use csrf middleware
2019-12-03 16:57:54,803 INFO 5420 [egg-security] use methodnoallow middleware
2019-12-03 16:57:54,804 INFO 5420 [egg-security] use noopen middleware
2019-12-03 16:57:54,804 INFO 5420 [egg-security] use nosniff middleware
2019-12-03 16:57:54,805 INFO 5420 [egg-security] use xssProtection middleware
2019-12-03 16:57:54,805 INFO 5420 [egg-security] use xframe middleware
2019-12-03 16:57:54,805 INFO 5420 [egg-security] use dta middleware
2019-12-03 16:57:54,805 INFO 5420 [egg-security] compose 7 middlewares into one security middleware
2019-12-03 16:57:54,813 INFO 5420 [egg:core] dump config after load, 4ms
2019-12-03 16:57:54,822 INFO 5420 [egg-watcher:application] watcher start success
2019-12-03 16:57:54,827 INFO 5420 [egg:core] dump config after ready, 2ms
2019-12-03 16:58:14,056 INFO 1120 [egg:logger] init all loggers with options: {"dir":"D:\\code\\egg-example\\logs\\egg-example","encoding":"utf8","env":"local","level":"INFO","consoleLevel":"INFO","disableConsoleAfterReady":false,"outputJSON":false,"buffer":true,"appLogName":"egg-example-web.log","coreLogName":"egg-web.log","agentLogName":"egg-agent.log","errorLogName":"common-error.log","coreLogger":{"consoleLevel":"WARN"},"allowDebugAtProd":false,"type":"application"}
2019-12-03 16:58:14,080 INFO 1120 [egg-multipart] stream mode enable
2019-12-03 16:58:14,130 INFO 1120 [egg-static] starting static serve /public/ -> D:\code\egg-example\app\public
2019-12-03 16:58:14,132 INFO 1120 [egg-security] use csrf middleware
2019-12-03 16:58:14,132 INFO 1120 [egg-security] use methodnoallow middleware
2019-12-03 16:58:14,133 INFO 1120 [egg-security] use noopen middleware
2019-12-03 16:58:14,133 INFO 1120 [egg-security] use nosniff middleware
2019-12-03 16:58:14,134 INFO 1120 [egg-security] use xssProtection middleware
2019-12-03 16:58:14,134 INFO 1120 [egg-security] use xframe middleware
2019-12-03 16:58:14,135 INFO 1120 [egg-security] use dta middleware
2019-12-03 16:58:14,135 INFO 1120 [egg-security] compose 7 middlewares into one security middleware
2019-12-03 16:58:14,143 INFO 1120 [egg:core] dump config after load, 3ms
2019-12-03 16:58:14,151 INFO 1120 [egg-watcher:application] watcher start success
2019-12-03 16:58:14,156 INFO 1120 [egg:core] dump config after ready, 3ms
2019-12-03 16:59:06,999 INFO 17548 [egg:logger] init all loggers with options: {"dir":"D:\\code\\egg-example\\logs\\egg-example","encoding":"utf8","env":"local","level":"INFO","consoleLevel":"INFO","disableConsoleAfterReady":false,"outputJSON":false,"buffer":true,"appLogName":"egg-example-web.log","coreLogName":"egg-web.log","agentLogName":"egg-agent.log","errorLogName":"common-error.log","coreLogger":{"consoleLevel":"WARN"},"allowDebugAtProd":false,"type":"application"}
2019-12-03 16:59:07,025 INFO 17548 [egg-multipart] stream mode enable
2019-12-03 16:59:07,079 INFO 17548 [egg-static] starting static serve /public/ -> D:\code\egg-example\app\public
2019-12-03 16:59:07,081 INFO 17548 [egg-security] use csrf middleware
2019-12-03 16:59:07,084 INFO 17548 [egg-security] use methodnoallow middleware
2019-12-03 16:59:07,084 INFO 17548 [egg-security] use noopen middleware
2019-12-03 16:59:07,085 INFO 17548 [egg-security] use nosniff middleware
2019-12-03 16:59:07,085 INFO 17548 [egg-security] use xssProtection middleware
2019-12-03 16:59:07,086 INFO 17548 [egg-security] use xframe middleware
2019-12-03 16:59:07,086 INFO 17548 [egg-security] use dta middleware
2019-12-03 16:59:07,086 INFO 17548 [egg-security] compose 7 middlewares into one security middleware
2019-12-03 16:59:07,094 INFO 17548 [egg:core] dump config after load, 4ms
2019-12-03 16:59:07,103 INFO 17548 [egg-watcher:application] watcher start success
2019-12-03 16:59:07,109 INFO 17548 [egg:core] dump config after ready, 4ms
2019-12-03 16:59:17,642 INFO 19092 [egg:logger] init all loggers with options: {"dir":"D:\\code\\egg-example\\logs\\egg-example","encoding":"utf8","env":"local","level":"INFO","consoleLevel":"INFO","disableConsoleAfterReady":false,"outputJSON":false,"buffer":true,"appLogName":"egg-example-web.log","coreLogName":"egg-web.log","agentLogName":"egg-agent.log","errorLogName":"common-error.log","coreLogger":{"consoleLevel":"WARN"},"allowDebugAtProd":false,"type":"application"}
2019-12-03 16:59:17,666 INFO 19092 [egg-multipart] stream mode enable
2019-12-03 16:59:17,721 INFO 19092 [egg-static] starting static serve /public/ -> D:\code\egg-example\app\public
2019-12-03 16:59:17,725 INFO 19092 [egg-security] use csrf middleware
2019-12-03 16:59:17,726 INFO 19092 [egg-security] use methodnoallow middleware
2019-12-03 16:59:17,726 INFO 19092 [egg-security] use noopen middleware
2019-12-03 16:59:17,727 INFO 19092 [egg-security] use nosniff middleware
2019-12-03 16:59:17,727 INFO 19092 [egg-security] use xssProtection middleware
2019-12-03 16:59:17,728 INFO 19092 [egg-security] use xframe middleware
2019-12-03 16:59:17,728 INFO 19092 [egg-security] use dta middleware
2019-12-03 16:59:17,728 INFO 19092 [egg-security] compose 7 middlewares into one security middleware
2019-12-03 16:59:17,736 INFO 19092 [egg:core] dump config after load, 3ms
2019-12-03 16:59:17,745 INFO 19092 [egg-watcher:application] watcher start success
2019-12-03 16:59:17,749 INFO 19092 [egg:core] dump config after ready, 3ms
2019-12-03 17:00:16,988 INFO 10720 [egg:logger] init all loggers with options: {"dir":"D:\\code\\egg-example\\logs\\egg-example","encoding":"utf8","env":"local","level":"INFO","consoleLevel":"INFO","disableConsoleAfterReady":false,"outputJSON":false,"buffer":true,"appLogName":"egg-example-web.log","coreLogName":"egg-web.log","agentLogName":"egg-agent.log","errorLogName":"common-error.log","coreLogger":{"consoleLevel":"WARN"},"allowDebugAtProd":false,"type":"application"}
2019-12-03 17:00:17,019 INFO 10720 [egg-multipart] stream mode enable
2019-12-03 17:00:17,088 INFO 10720 [egg-static] starting static serve /public/ -> D:\code\egg-example\app\public
2019-12-03 17:00:17,090 INFO 10720 [egg-security] use csrf middleware
2019-12-03 17:00:17,104 INFO 10720 [egg-security] use methodnoallow middleware
2019-12-03 17:00:17,104 INFO 10720 [egg-security] use noopen middleware
2019-12-03 17:00:17,106 INFO 10720 [egg-security] use nosniff middleware
2019-12-03 17:00:17,107 INFO 10720 [egg-security] use xssProtection middleware
2019-12-03 17:00:17,109 INFO 10720 [egg-security] use xframe middleware
2019-12-03 17:00:17,111 INFO 10720 [egg-security] use dta middleware
2019-12-03 17:00:17,111 INFO 10720 [egg-security] compose 7 middlewares into one security middleware
2019-12-03 17:00:17,121 INFO 10720 [egg:core] dump config after load, 4ms
2019-12-03 17:00:17,137 INFO 10720 [egg-watcher:application] watcher start success
2019-12-03 17:00:17,142 INFO 10720 [egg:core] dump config after ready, 4ms
2019-12-03 17:00:26,701 INFO 8924 [egg:logger] init all loggers with options: {"dir":"D:\\code\\egg-example\\logs\\egg-example","encoding":"utf8","env":"local","level":"INFO","consoleLevel":"INFO","disableConsoleAfterReady":false,"outputJSON":false,"buffer":true,"appLogName":"egg-example-web.log","coreLogName":"egg-web.log","agentLogName":"egg-agent.log","errorLogName":"common-error.log","coreLogger":{"consoleLevel":"WARN"},"allowDebugAtProd":false,"type":"application"}
2019-12-03 17:00:26,726 INFO 8924 [egg-multipart] stream mode enable
2019-12-03 17:00:26,809 INFO 8924 [egg-static] starting static serve /public/ -> D:\code\egg-example\app\public
2019-12-03 17:00:26,815 INFO 8924 [egg-security] use csrf middleware
2019-12-03 17:00:26,816 INFO 8924 [egg-security] use methodnoallow middleware
2019-12-03 17:00:26,817 INFO 8924 [egg-security] use noopen middleware
2019-12-03 17:00:26,817 INFO 8924 [egg-security] use nosniff middleware
2019-12-03 17:00:26,817 INFO 8924 [egg-security] use xssProtection middleware
2019-12-03 17:00:26,818 INFO 8924 [egg-security] use xframe middleware
2019-12-03 17:00:26,818 INFO 8924 [egg-security] use dta middleware
2019-12-03 17:00:26,818 INFO 8924 [egg-security] compose 7 middlewares into one security middleware
2019-12-03 17:00:26,826 INFO 8924 [egg:core] dump config after load, 4ms
2019-12-03 17:00:26,835 INFO 8924 [egg-watcher:application] watcher start success
2019-12-03 17:00:26,840 INFO 8924 [egg:core] dump config after ready, 3ms
2019-12-03 18:48:11,110 INFO 12260 [egg:logger] init all loggers with options: {"dir":"D:\\code\\egg-example\\logs\\egg-example","encoding":"utf8","env":"local","level":"INFO","consoleLevel":"INFO","disableConsoleAfterReady":false,"outputJSON":false,"buffer":true,"appLogName":"egg-example-web.log","coreLogName":"egg-web.log","agentLogName":"egg-agent.log","errorLogName":"common-error.log","coreLogger":{"consoleLevel":"WARN"},"allowDebugAtProd":false,"type":"application"}
2019-12-03 18:48:11,135 INFO 12260 [egg-multipart] stream mode enable
2019-12-03 18:48:11,188 INFO 12260 [egg-static] starting static serve /public/ -> D:\code\egg-example\app\public
2019-12-03 18:48:11,191 INFO 12260 [egg-security] use csrf middleware
2019-12-03 18:48:11,191 INFO 12260 [egg-security] use methodnoallow middleware
2019-12-03 18:48:11,192 INFO 12260 [egg-security] use noopen middleware
2019-12-03 18:48:11,192 INFO 12260 [egg-security] use nosniff middleware
2019-12-03 18:48:11,194 INFO 12260 [egg-security] use xssProtection middleware
2019-12-03 18:48:11,195 INFO 12260 [egg-security] use xframe middleware
2019-12-03 18:48:11,195 INFO 12260 [egg-security] use dta middleware
2019-12-03 18:48:11,196 INFO 12260 [egg-security] compose 7 middlewares into one security middleware
2019-12-03 18:48:11,203 INFO 12260 [egg:core] dump config after load, 4ms
2019-12-03 18:48:11,211 INFO 12260 [egg-watcher:application] watcher start success
2019-12-03 18:48:11,216 INFO 12260 [egg:core] dump config after ready, 3ms
2019-12-03 18:48:12,008 INFO 11268 [egg:logger] init all loggers with options: {"dir":"D:\\code\\egg-example\\logs\\egg-example","encoding":"utf8","env":"local","level":"INFO","consoleLevel":"INFO","disableConsoleAfterReady":false,"outputJSON":false,"buffer":true,"appLogName":"egg-example-web.log","coreLogName":"egg-web.log","agentLogName":"egg-agent.log","errorLogName":"common-error.log","coreLogger":{"consoleLevel":"WARN"},"allowDebugAtProd":false,"type":"application"}
2019-12-03 18:48:12,033 INFO 11268 [egg-multipart] stream mode enable
2019-12-03 18:48:12,083 INFO 11268 [egg-static] starting static serve /public/ -> D:\code\egg-example\app\public
2019-12-03 18:48:12,088 INFO 11268 [egg-security] use csrf middleware
2019-12-03 18:48:12,088 INFO 11268 [egg-security] use methodnoallow middleware
2019-12-03 18:48:12,089 INFO 11268 [egg-security] use noopen middleware
2019-12-03 18:48:12,090 INFO 11268 [egg-security] use nosniff middleware
2019-12-03 18:48:12,090 INFO 11268 [egg-security] use xssProtection middleware
2019-12-03 18:48:12,091 INFO 11268 [egg-security] use xframe middleware
2019-12-03 18:48:12,091 INFO 11268 [egg-security] use dta middleware
2019-12-03 18:48:12,091 INFO 11268 [egg-security] compose 7 middlewares into one security middleware
2019-12-03 18:48:12,098 INFO 11268 [egg:core] dump config after load, 3ms
2019-12-03 18:48:12,107 INFO 11268 [egg-watcher:application] watcher start success
2019-12-03 18:48:12,111 INFO 11268 [egg:core] dump config after ready, 3ms
